<?xml version="1.0" encoding="UTF-8"?>
<testsuite xmlns:xsi="http://www.w3.org/2001/XMLSchema-instance" xsi:noNamespaceSchemaLocation="https://maven.apache.org/surefire/maven-surefire-plugin/xsd/surefire-test-report.xsd" name="Runner.RunTest" time="28.699" tests="33" errors="0" skipped="0" failures="0">
  <properties>
[...]
</properties>
  <testcase name="Given I send a GET request to fetch book information" classname="Scenario: " time="0.002"/>
  <testcase name="When the response should have a status code of 200" classname="Scenario: " time="0"/>
  <testcase name="Then the response should contain the title and author of the book" classname="Scenario: " time="0"/>
  <testcase name="Scenario: " classname="Scenario: " time="0.19"/>
  <testcase name="Scenario: " classname="Scenario: " time="0.139"/>
  <testcase name="Given The user is in book list page" classname="Scenario: " time="0"/>
  <testcase name="When The user clicks in log in button" classname="Scenario: " time="0"/>
  <testcase name="And The user is redirected to login page" classname="Scenario: " time="0"/>
  <testcase name="And The user introduces the user name in username input" classname="Scenario: " time="0"/>
  <testcase name="And The user introduces the password in password input" classname="Scenario: " time="0"/>
  <testcase name="And The user clicks in log in button in log in page" classname="Scenario: " time="0"/>
  <testcase name="Then The user is logged" classname="Scenario: " time="0"/>
  <testcase name="Given The user is in book list page" classname="| javascript | 4 |" time="0"/>
  <testcase name="And The Input search box is displayed" classname="| javascript | 4 |" time="0"/>
  <testcase name="And The input search box button is displayed and clickable" classname="| javascript | 4 |" time="0"/>
  <testcase name="And The List books is displayed" classname="| javascript | 4 |" time="0.001"/>
  <testcase name="When The user introduces &quot;javascript&quot; in text input" classname="| javascript | 4 |" time="0"/>
  <testcase name="Then The books list refresh and show &quot;4&quot; books that contains the text" classname="| javascript | 4 |" time="0"/>
  <testcase name="| javascript | 4 |" classname="| javascript | 4 |" time="0.136"/>
  <testcase name="Given The user is in book list page" classname="| pocket | 1 |" time="0"/>
  <testcase name="And The Input search box is displayed" classname="| pocket | 1 |" time="0"/>
  <testcase name="And The input search box button is displayed and clickable" classname="| pocket | 1 |" time="0"/>
  <testcase name="And The List books is displayed" classname="| pocket | 1 |" time="0"/>
  <testcase name="When The user introduces &quot;pocket&quot; in text input" classname="| pocket | 1 |" time="0.001"/>
  <testcase name="Then The books list refresh and show &quot;1&quot; books that contains the text" classname="| pocket | 1 |" time="0"/>
  <testcase name="| pocket | 1 |" classname="| pocket | 1 |" time="0.161"/>
  <testcase name="Given The user is in book list page" classname="| cz | 0 |" time="0"/>
  <testcase name="And The Input search box is displayed" classname="| cz | 0 |" time="0"/>
  <testcase name="And The input search box button is displayed and clickable" classname="| cz | 0 |" time="0"/>
  <testcase name="And The List books is displayed" classname="| cz | 0 |" time="0"/>
  <testcase name="When The user introduces &quot;cz&quot; in text input" classname="| cz | 0 |" time="0"/>
  <testcase name="Then The books list refresh and show &quot;0&quot; books that contains the text" classname="| cz | 0 |" time="0"/>
  <testcase name="| cz | 0 |" classname="| cz | 0 |" time="0.14"/>
</testsuite>